"../../../Engine/Content/EditorResources/S_Actor.uasset" 0
"../../../Engine/Content/EngineFonts/Roboto.uasset" 1
"../../../Engine/Content/Functions/Engine_MaterialFunctions01/Shading/PowerToRoughness.uasset" 2
"../../../Engine/Content/Functions/Engine_MaterialFunctions01/Shading/ConvertFromDiffSpec.uasset" 3
"../../../Engine/Content/EngineMaterials/DefaultDiffuse.uasset" 4
"../../../Engine/Content/EngineMaterials/DefaultDeferredDecalMaterial.uasset" 5
"../../../Engine/Content/EngineMaterials/DefaultLightFunctionMaterial.uasset" 6
"../../../Engine/Content/Functions/Engine_MaterialFunctions02/Utility/BreakOutFloat2Components.uasset" 7
"../../../Engine/Content/EngineMaterials/DefaultPostProcessMaterial.uasset" 8
"../../../Engine/Content/EngineResources/DefaultTexture.uasset" 9
"../../../Engine/Content/Functions/Engine_MaterialFunctions01/Texturing/ScaleUVsByCenter.uasset" 10
"../../../Engine/Content/Functions/Engine_MaterialFunctions02/ScreenResolution.uasset" 11
"../../../Engine/Content/Functions/Engine_MaterialFunctions02/Texturing/ScreenAlignedUVs.uasset" 12
"../../../Engine/Content/EngineResources/WhiteSquareTexture.uasset" 13
"../../../Engine/Content/EngineMaterials/Widget3DPassThrough.uasset" 14
"../../../Engine/Content/EngineMaterials/Widget3DPassThrough_Translucent.uasset" 15
"../../../Engine/Content/EngineMaterials/Widget3DPassThrough_Translucent_OneSided.uasset" 16
"../../../Engine/Content/EngineMaterials/Widget3DPassThrough_Opaque.uasset" 17
"../../../Engine/Content/EngineMaterials/Widget3DPassThrough_Opaque_OneSided.uasset" 18
"../../../Engine/Content/EngineMaterials/Widget3DPassThrough_Masked.uasset" 19
"../../../Engine/Content/EngineMaterials/Widget3DPassThrough_Masked_OneSided.uasset" 20
"../../../Engine/Content/EngineResources/AICON-Red.uasset" 21
"../../../Engine/Content/EngineResources/AICON-Green.uasset" 22
"../../../Engine/Content/Maps/Templates/Thumbnails/Default.uasset" 23
"../../../Engine/Content/Maps/Templates/Thumbnails/VR-Basic.uasset" 24
"../../../Engine/Content/EditorMaterials/ParticleSystems/PSysThumbnail_NoImage.uasset" 25
"../../../Engine/Content/EditorMaterials/ParticleSystems/PSysThumbnail_OOD.uasset" 26
"../../../Engine/Content/EditorLandscapeResources/DataLayer.uasset" 27
"../../../Engine/Content/EngineDamageTypes/DmgTypeBP_Environmental.uasset" 28
"../../../Engine/Content/EngineMeshes/Sphere.uasset" 29
"../../../Engine/Content/EngineFonts/RobotoDistanceField.uasset" 30
"../../../Engine/Content/EngineMaterials/DefaultTextMaterialOpaque.uasset" 31
"../../../Engine/Content/EditorResources/S_Trigger.uasset" 32
"../../../Engine/Content/EngineResources/GradientTexture0.uasset" 33
"../../../Engine/Content/EngineResources/Black.uasset" 34
"../../../Engine/Content/EditorMaterials/MatineeGroups/MAT_Groups_Float.uasset" 35
"../../../Engine/Content/EditorMaterials/MatineeGroups/MAT_Groups_Director.uasset" 36
"../../../Engine/Content/EditorMaterials/MatineeGroups/MAT_Groups_Event.uasset" 37
"../../../Engine/Content/EditorMaterials/MatineeGroups/MAT_Groups_Anim.uasset" 38
"../../../Engine/Content/EditorMaterials/MatineeGroups/MAT_Groups_Fade.uasset" 39
"../../../Engine/Content/EditorMaterials/MatineeGroups/MAT_Groups_Move.uasset" 40
"../../../Engine/Content/EditorMaterials/MatineeGroups/MAT_Groups_Slomo.uasset" 41
"../../../Engine/Content/EditorMaterials/MatineeGroups/MAT_ColorTrack.uasset" 42
"../../../Engine/Content/EditorMaterials/MAT_Groups_Toggle.uasset" 43
"../../../Engine/Content/EditorMaterials/MatineeGroups/MAT_Groups_AudioMaster.uasset" 44
"../../../Engine/Content/EditorMaterials/MatineeGroups/MAT_Groups_Sound.uasset" 45
"../../../Engine/Content/EditorMaterials/MatineeGroups/MAT_Groups_Vector.uasset" 46
"../../../Engine/Content/EditorMaterials/MAT_Groups_Visibility.uasset" 47
"../../../Engine/Content/EngineResources/DefaultTextureCube.uasset" 48
"../../../Engine/Content/Functions/Engine_MaterialFunctions01/Opacity/CameraDepthFade.uasset" 49
"../../../Engine/Content/EngineMaterials/T_Default_Material_Grid_M.uasset" 50
"../../../Engine/Content/EngineMaterials/T_Default_Material_Grid_N.uasset" 51
"../../../Engine/Content/EngineMaterials/DefaultMaterial.uasset" 52
"../../../Engine/Content/EngineMeshes/Cylinder.uasset" 53
"../../../Engine/Content/EngineTireTypes/DefaultTireType.uasset" 54
"../../../Engine/Content/EditorMaterials/Camera/CineMat.uasset" 55
"../../../Engine/Content/EditorMaterials/Camera/MI_CineMat_Rig.uasset" 56
"../../../Engine/Content/EditorMeshes/Camera/SM_CraneRig_Base.uasset" 57
"../../../Engine/Content/EditorMeshes/Camera/SM_CraneRig_Arm.uasset" 58
"../../../Engine/Content/EditorMeshes/Camera/SM_CraneRig_Mount.uasset" 59
"../../../Engine/Content/EditorMeshes/Camera/SM_CraneRig_Body.uasset" 60
"../../../Engine/Content/EditorMeshes/Camera/SM_RailRig_Track.uasset" 61
"../../../Engine/Content/EditorMeshes/Camera/SM_RailRig_Mount.uasset" 62
"../../../Engine/Content/VREditor/LaserPointer/VR_LaserPower_01.uasset" 63
"../../../Engine/Content/VREditor/TransformGizmo/TransformGizmoMaterial.uasset" 64
"../../../Engine/Content/VREditor/TransformGizmo/TranslucentTransformGizmoMaterial.uasset" 65
"../../../Engine/Content/VREditor/TransformGizmo/TranslationHandle.uasset" 66
"../../../Engine/Content/VREditor/TransformGizmo/PlaneTranslationHandle.uasset" 67
"../../../Engine/Content/VREditor/TransformGizmo/RotationHandle.uasset" 68
"../../../Engine/Content/VREditor/TransformGizmo/StretchingHandle.uasset" 69
"../../../Engine/Content/VREditor/TransformGizmo/BoundingBoxCorner.uasset" 70
"../../../Engine/Content/VREditor/TransformGizmo/BoundingBoxEdge.uasset" 71
"../../../Engine/Content/VREditor/TransformGizmo/UniformScaleHandle.uasset" 72
"../../../Engine/Content/VREditor/FloatingText/LineMaterial.uasset" 73
"../../../Engine/Content/VREditor/FloatingText/LineSegmentCylinder.uasset" 74
"../../../Engine/Content/VREditor/FloatingText/JointSphere.uasset" 75
"../../../Engine/Content/VREditor/Fonts/VRText_RobotoLarge.uasset" 76
"../../../Engine/Content/VREditor/Fonts/VRTextMaterial.uasset" 77
"../../../Engine/Content/VREditor/Fonts/TranslucentVRTextMaterial.uasset" 78
"../../../Engine/Content/VREditor/UI/SelectionBarMesh.uasset" 79
"../../../Engine/Content/VREditor/UI/CloseButtonMesh.uasset" 80
"../../../Engine/Content/Tutorial/Landscape/TutorialAssets/Landscape.uasset" 81
"../../../Engine/Content/Tutorial/ContentIntroCurve.uasset" 82
"../../../Engine/Plugins/2D/Paper2D/Content/PlaceholderTextures/DummySpriteTexture.uasset" 83
"../../../Engine/Plugins/2D/Paper2D/Content/DefaultSpriteMaterial.uasset" 84
"../../../Engine/Plugins/2D/Paper2D/Content/MaskedUnlitSpriteMaterial.uasset" 85
"../../../Engine/Plugins/2D/Paper2D/Content/OpaqueUnlitSpriteMaterial.uasset" 86
"../../../Engine/Plugins/2D/Paper2D/Content/DummySprite.uasset" 87
"../../../Engine/Plugins/2D/Paper2D/Content/DefaultPaperTerrainMaterial.uasset" 88
"../../../Engine/Content/EngineMaterials/RemoveSurfaceMaterial.uasset" 89
"../../../Engine/Content/EngineDebugMaterials/DebugMeshMaterial.uasset" 90
"../../../Engine/Content/EngineMaterials/InvalidLightmapSettings.uasset" 91
"../../../Engine/Content/EngineMaterials/M_InvalidLightmapSettings.uasset" 92
"../../../Engine/Content/EditorMaterials/GizmoMaterial.uasset" 93
"../../../Engine/Content/EngineMaterials/Good64x64TilingNoiseHighFreq.uasset" 94
"../../../Engine/Content/EngineMaterials/DefaultBokeh.uasset" 95
"../../../Engine/Content/EngineMaterials/PreintegratedSkinBRDF.uasset" 96
"../../../Engine/Content/EngineMaterials/MiniFont.uasset" 97
"../../../Engine/Content/EngineMaterials/WeightMapPlaceholderTexture.uasset" 98
"../../../Engine/Content/EngineMaterials/DefaultWhiteGrid.uasset" 99
"../../../Engine/Content/EngineMaterials/DefaultPhysicalMaterial.uasset" 100
"../../../Engine/Content/EngineFonts/RobotoTiny.uasset" 101
"../../../Engine/Content/EditorSounds/Notifications/CompileSuccess.uasset" 102
"../../../Engine/Content/EditorSounds/Notifications/CompileStart_Cue.uasset" 103
"../../../Engine/Content/EditorSounds/Notifications/CompileSuccess_Cue.uasset" 104
"../../../Engine/Content/EditorSounds/Notifications/CompileFailed.uasset" 105
"../../../Engine/Content/EditorSounds/Notifications/CompileFailed_Cue.uasset" 106
"../../../TFG/Content/StarterContent/Audio/Explosion_Cue.uasset" 107
"../../../TFG/Content/StarterContent/Textures/T_Burst_M.uasset" 108
"../../../TFG/Content/StarterContent/Particles/Materials/M_Burst.uasset" 109
"../../../TFG/Content/StarterContent/Textures/T_Explosion_SubUV.uasset" 110
"../../../TFG/Content/StarterContent/Particles/Materials/M_explosion_subUV.uasset" 111
"../../../TFG/Content/StarterContent/Particles/Materials/m_flare_01.uasset" 112
"../../../Engine/Content/Functions/Engine_MaterialFunctions01/Gradient/RadialGradient.uasset" 113
"../../../TFG/Content/StarterContent/Particles/Materials/M_radial_ramp.uasset" 114
"../../../TFG/Content/StarterContent/Textures/T_Smoke_SubUV.uasset" 115
"../../../TFG/Content/StarterContent/Textures/T_Smoke_Tiled_D.uasset" 116
"../../../TFG/Content/StarterContent/Particles/Materials/M_smoke_subUV.uasset" 117
"../../../TFG/Content/StarterContent/Particles/P_Explosion.uasset" 118
"../../../TFG/Content/StarterContent/Blueprints/Blueprint_Effect_Explosion.uasset" 119
"../../../Engine/Content/EditorMeshes/ColorCalibrator/T_ColorGrid.uasset" 120
"../../../TFG/Content/StarterContent/Materials/M_ColorGrid_LowSpec.uasset" 121
"../../../TFG/Content/Movies/UE4_Logo_CLIPCHAMP_720p.uasset" 122
"../../../TFG/Content/StarterContent/Materials/M_Basic_Wall.uasset" 123
"../../../TFG/Content/StarterContent/Architecture/Pillar_50x500.uasset" 124
"../../../TFG/Content/Mannequin/Character/Mesh/UE4_Mannequin_Skeleton.uasset" 125
"../../../TFG/Content/Mannequin/Animations/ThirdPersonJump_End.uasset" 126
"../../../Engine/Content/MobileResources/HUD/T_Castle_ThumbstickOutter.uasset" 127
"../../../TFG/Content/StarterContent/Shapes/Shape_Plane.uasset" 128
"../../../TFG/Content/StarterContent/Shapes/Shape_Pipe_90.uasset" 129
"../../../TFG/Content/StarterContent/Shapes/Shape_Pipe_180.uasset" 130
"../../../TFG/Content/StarterContent/Shapes/Shape_Pipe.uasset" 131
"../../../TFG/Content/StarterContent/Shapes/Shape_NarrowCapsule.uasset" 132
"../../../TFG/Content/StarterContent/Shapes/Shape_Cylinder.uasset" 133
"../../../TFG/Content/StarterContent/Shapes/Shape_Cone.uasset" 134
"../../../TFG/Content/StarterContent/Materials/M_Basic_Floor.uasset" 135
"../../../TFG/Content/StarterContent/Props/SM_Stairs.uasset" 136
"../../../Engine/Content/MobileResources/HUD/T_Castle_ThumbstickInner.uasset" 137
"../../../Engine/Content/MobileResources/HUD/MobileHUDDirectionPad2.uasset" 138
"../../../Engine/Content/EditorResources/EmptyActor.uasset" 139
"../../../Engine/Content/EditorResources/LightIcons/S_LightError.uasset" 140
"../../../TFG/Content/Mannequin/Animations/ThirdPerson_Jump.uasset" 141
"../../../TFG/Content/Mannequin/Animations/ThirdPersonJump_Loop.uasset" 142
"../../../TFG/Content/Mannequin/Animations/ThirdPersonJump_Start.uasset" 143
"../../../TFG/Content/Mannequin/Animations/ThirdPersonIdle.uasset" 144
"../../../TFG/Content/Mannequin/Animations/ThirdPersonRun.uasset" 145
"../../../TFG/Content/Mannequin/Animations/ThirdPersonWalk.uasset" 146
"../../../TFG/Content/Mannequin/Animations/ThirdPerson_IdleRun_2D.uasset" 147
"../../../Engine/Content/EditorBlueprintResources/StandardMacros.uasset" 148
"../../../TFG/Content/Mannequin/Animations/ThirdPerson_AnimBP.uasset" 149
"../../../Engine/Content/Functions/Engine_MaterialFunctions02/Utility/BlendAngleCorrectedNormals.uasset" 150
"../../../Engine/Content/Functions/MaterialLayerFunctions/MatLayerBlend_NormalBlend.uasset" 151
"../../../Engine/Content/Functions/MaterialLayerFunctions/MatLayerBlend_Simple.uasset" 152
"../../../TFG/Content/Mannequin/Character/Materials/MaterialLayers/T_ML_Rubber_Blue_01_D.uasset" 153
"../../../TFG/Content/Mannequin/Character/Materials/MaterialLayers/T_ML_Rubber_Blue_01_N.uasset" 154
"../../../TFG/Content/Mannequin/Character/Materials/MaterialLayers/ML_GlossyBlack_Latex_UE4.uasset" 155
"../../../TFG/Content/Mannequin/Character/Materials/MaterialLayers/ML_Plastic_Shiny_Beige.uasset" 156
"../../../TFG/Content/Mannequin/Character/Textures/UE4_LOGO_CARD.uasset" 157
"../../../TFG/Content/Mannequin/Character/Materials/MaterialLayers/ML_Plastic_Shiny_Beige_LOGO.uasset" 158
"../../../TFG/Content/Mannequin/Character/Materials/MaterialLayers/T_ML_Aluminum01.uasset" 159
"../../../TFG/Content/Mannequin/Character/Materials/MaterialLayers/T_ML_Aluminum01_N.uasset" 160
"../../../TFG/Content/Mannequin/Character/Materials/MaterialLayers/ML_SoftMetal_UE4.uasset" 161
"../../../TFG/Content/Mannequin/Character/Textures/UE4_Mannequin__normals.uasset" 162
"../../../TFG/Content/Mannequin/Character/Textures/UE4_Mannequin_MAT_MASKA.uasset" 163
"../../../TFG/Content/Mannequin/Character/Materials/M_UE4Man_Body.uasset" 164
"../../../TFG/Content/Mannequin/Character/Textures/UE4Man_Logo_N.uasset" 165
"../../../TFG/Content/Mannequin/Character/Materials/M_UE4Man_ChestLogo.uasset" 166
"../../../TFG/Content/Mannequin/Character/Mesh/SK_Mannequin_PhysicsAsset.uasset" 167
"../../../TFG/Content/Mannequin/Character/Mesh/SK_Mannequin.uasset" 168
"../../../TFG/Content/ThirdPersonBP/Blueprints/ThirdPersonCharacter.uasset" 169
"../../../TFG/Content/ThirdPersonBP/Blueprints/ThirdPersonGameMode.uasset" 170
"../../../Engine/Content/EditorResources/AudioIcons/S_AudioComponent_AutoActivate.uasset" 171
"../../../Engine/Content/EditorResources/AudioIcons/S_AudioComponent.uasset" 172
"../../../Engine/Content/MobileResources/HUD/MobileHUDDirectionStick.uasset" 173
"../../../Engine/Content/MobileResources/HUD/MobileHUDDirectionPad.uasset" 174
"../../../Engine/Content/MobileResources/HUD/MobileHUDDirectionPad3.uasset" 175
"../../../TFG/Content/StarterContent/Shapes/Shape_Tube.uasset" 176
"../../../TFG/Content/StarterContent/Shapes/Shape_TriPyramid.uasset" 177
"../../../TFG/Content/StarterContent/Shapes/Shape_Trim_90_Out.uasset" 178
"../../../TFG/Content/StarterContent/Shapes/Shape_Trim_90_In.uasset" 179
"../../../TFG/Content/StarterContent/Shapes/Shape_Trim.uasset" 180
"../../../TFG/Content/StarterContent/Shapes/Shape_Torus.uasset" 181
"../../../TFG/Content/StarterContent/Shapes/Shape_WideCapsule.uasset" 182
"../../../TFG/Content/StarterContent/Shapes/Shape_Wedge_B.uasset" 183
"../../../TFG/Content/StarterContent/Shapes/Shape_Wedge_A.uasset" 184
"../../../Engine/Content/MobileResources/T_MobileMenu2.uasset" 185
"../../../Engine/Content/MobileResources/HUD/MobileHUDButton1_off.uasset" 186
"../../../Engine/Content/MobileResources/HUD/MobileHUDButtonFire.uasset" 187
"../../../Engine/Content/MobileResources/HUD/MobileHUDButton2_on.uasset" 188
"../../../Engine/Content/MobileResources/HUD/MobileHUDButton3.uasset" 189
"../../../Engine/Content/MobileResources/HUD/VirtualJoystick_Background.uasset" 190
"../../../Engine/Content/MobileResources/HUD/VirtualJoystick_Thumb.uasset" 191
"../../../Engine/Content/MobileResources/HUD/DefaultVirtualJoysticks.uasset" 192
"../../../Engine/Content/MobileResources/HUD/AnalogHat.uasset" 193
"../../../Engine/Content/MobileResources/HUD/MobileHUDButton2_off.uasset" 194
"../../../Engine/Content/MobileResources/HUD/MobileHUDButton1_on.uasset" 195
"../../../Engine/Content/MobileResources/HUD/LeftVirtualJoystickOnly.uasset" 196
"../../../Engine/Content/BasicShapes/Cone.uasset" 197
"../../../Engine/Content/BasicShapes/Cylinder.uasset" 198
"../../../Engine/Content/BasicShapes/Sphere.uasset" 199
"../../../Engine/Content/EditorMaterials/PhAT_JointLimitMaterial.uasset" 200
"../../../Engine/Content/EditorMaterials/PreviewShadowIndicator.uasset" 201
"../../../Engine/Content/EditorMaterials/PreviewShadowIndicatorMaterial.uasset" 202
"../../../Engine/Content/EditorResources/BSPVertex.uasset" 203
"../../../Engine/Content/EngineDebugMaterials/HeatmapGradient.uasset" 204
"../../../Engine/Content/EngineDebugMaterials/BoneWeightMaterial.uasset" 205
"../../../Engine/Content/EngineDebugMaterials/GeomMaterial.uasset" 206
"../../../Engine/Content/EngineMaterials/EditorBrushMaterial.uasset" 207
"../../../Engine/Content/EngineMeshes/Cube.uasset" 208
"../../../Engine/Content/MobileResources/T_MobileControls_texture.uasset" 209
"../../../Engine/Content/Tutorial/Basics/TutorialAssets/icon_tab_Levels_40x.uasset" 210
"../../../Engine/Content/Tutorial/BlueprintTutorials/TutorialAssets/BlueprintInterface_64x.uasset" 211
"../../../Engine/Content/Tutorial/BlueprintTutorials/TutorialAssets/BlueprintMacroLibrary_64x.uasset" 212
"../../../Engine/Content/Tutorial/BlueprintTutorials/TutorialAssets/Blueprint_64x.uasset" 213
"../../../Engine/Content/Tutorial/BlueprintTutorials/TutorialAssets/Tutorial_BP_Interface.uasset" 214
"../../../Engine/Content/Tutorial/Foliage/TutorialAssets/Foliage.uasset" 215
"../../../Engine/Content/Tutorial/Paper2D/TutorialAssets/Paper2DFlipbook_TutorialIcon.uasset" 216
"../../../Engine/Content/Tutorial/Paper2D/TutorialAssets/Paper2DSprite_TutorialIcon.uasset" 217
"../../../Engine/Content/Tutorial/SubEditors/TutorialAssets/icon_Editor_Preferences_General_40x.uasset" 218
"../../../Engine/Content/Tutorial/SubEditors/TutorialAssets/icon_ShowSkeletalMeshes_40x.uasset" 219
"../../../Engine/Content/Tutorial/SubEditors/TutorialAssets/TutorialMaterial.uasset" 220
"../../../Engine/Content/Tutorial/SubEditors/TutorialAssets/T_SmokeSubUV_8X8.uasset" 221
"../../../Engine/Content/Tutorial/SubEditors/TutorialAssets/T_soft_smoke.uasset" 222
"../../../Engine/Content/Tutorial/SubEditors/TutorialAssets/M_smoke_subUV_blackbody.uasset" 223
"../../../Engine/Content/Tutorial/SubEditors/TutorialAssets/TutorialParticleSystem.uasset" 224
"../../../Engine/Content/EngineMaterials/WorldGridMaterial.uasset" 225
"../../../Engine/Content/EditorMeshes/EditorCube.uasset" 226
"../../../Engine/Content/Tutorial/SubEditors/TutorialAssets/Tutorial_DM.uasset" 227
"../../../TFG/Content/StarterContent/Architecture/Wall_400x300.uasset" 228
"../../../TFG/Content/StarterContent/Architecture/Wall_400x400.uasset" 229
"../../../TFG/Content/StarterContent/Architecture/Wall_500x500.uasset" 230
"../../../TFG/Content/StarterContent/Architecture/Wall_Door_400x400.uasset" 231
"../../../TFG/Content/StarterContent/Architecture/Wall_Window_400x400.uasset" 232
"../../../TFG/Content/StarterContent/Audio/Light01_Cue.uasset" 233
"../../../TFG/Content/StarterContent/Audio/Light02_Cue.uasset" 234
"../../../TFG/Content/StarterContent/Textures/T_Bush_D.uasset" 235
"../../../TFG/Content/StarterContent/Textures/T_Bush_N.uasset" 236
"../../../TFG/Content/StarterContent/Props/Materials/M_Bush.uasset" 237
"../../../TFG/Content/StarterContent/Props/SM_Bush.uasset" 238
"../../../TFG/Content/StarterContent/Textures/T_Chair_M.uasset" 239
"../../../TFG/Content/StarterContent/Textures/T_Chair_N.uasset" 240
"../../../TFG/Content/StarterContent/Props/Materials/M_Chair.uasset" 241
"../../../TFG/Content/StarterContent/Props/SM_Couch.uasset" 242
"../../../TFG/Content/StarterContent/Materials/M_Glass.uasset" 243
"../../../TFG/Content/StarterContent/Textures/T_Door_M.uasset" 244
"../../../TFG/Content/StarterContent/Textures/T_Door_N.uasset" 245
"../../../TFG/Content/StarterContent/Props/Materials/M_Door.uasset" 246
"../../../TFG/Content/StarterContent/Props/SM_Door.uasset" 247
"../../../TFG/Content/StarterContent/Props/Materials/M_MaterialSphere.uasset" 248
"../../../TFG/Content/StarterContent/Props/Materials/M_MaterialSphere_Plain.uasset" 249
"../../../TFG/Content/StarterContent/Props/SM_MatPreviewMesh_02.uasset" 250
"../../../TFG/Content/StarterContent/Textures/T_Detail_Rocky_N.uasset" 251
"../../../TFG/Content/StarterContent/Textures/T_Rock_Basalt_D.uasset" 252
"../../../TFG/Content/StarterContent/Textures/T_RockMesh_M.uasset" 253
"../../../TFG/Content/StarterContent/Textures/T_RockMesh_N.uasset" 254
"../../../TFG/Content/StarterContent/Props/Materials/M_Rock.uasset" 255
"../../../TFG/Content/StarterContent/Props/SM_Rock.uasset" 256
"../../../TFG/Content/StarterContent/Textures/T_Shelf_M.uasset" 257
"../../../TFG/Content/StarterContent/Textures/T_Shelf_N.uasset" 258
"../../../TFG/Content/StarterContent/Props/Materials/M_Shelf.uasset" 259
"../../../TFG/Content/StarterContent/Props/SM_Shelf.uasset" 260
"../../../TFG/Content/PatrolRandomPoints.uasset" 261
"../../../TFG/Content/PointPatrol.uasset" 262
"../../../TFG/Content/RandomPatrol.uasset" 263
"../../../TFG/Content/RandomPatrolWithAttack.uasset" 264
"../../../Engine/Content/EngineSky/C_Sky_Cloud_Color.uasset" 265
"../../../Engine/Content/EngineSky/C_Sky_Horizon_Color.uasset" 266
"../../../Engine/Content/EngineSky/C_Sky_Zenith_Color.uasset" 267
"../../../Engine/Content/EngineSky/T_Sky_Blue.uasset" 268
"../../../Engine/Content/EngineSky/T_Sky_Clouds_M.uasset" 269
"../../../Engine/Content/EngineSky/T_Sky_Stars.uasset" 270
"../../../Engine/Content/EngineSky/M_Sky_Panning_Clouds2.uasset" 271
"../../../Engine/Content/EngineSky/SM_SkySphere.uasset" 272
"../../../Engine/Content/EngineSky/BP_Sky_Sphere.uasset" 273
"../../../Engine/Content/Functions/Engine_MaterialFunctions03/Procedurals/ComputeFilterWidth.uasset" 274
"../../../Engine/Content/EngineMaterials/AntiAliasedTextMaterialTranslucent.uasset" 275
"../../../TFG/Content/MyMaterial.uasset" 276
"../../../TFG/Content/StarterContent/Textures/T_Concrete_Grime_D.uasset" 277
"../../../TFG/Content/StarterContent/Textures/T_MacroVariation.uasset" 278
"../../../TFG/Content/StarterContent/Textures/T_Metal_Rust_N.uasset" 279
"../../../TFG/Content/StarterContent/Textures/T_Perlin_Noise_M.uasset" 280
"../../../TFG/Content/StarterContent/Materials/M_Concrete_Grime.uasset" 281
"../../../Engine/Content/BasicShapes/Cube.uasset" 282
"../../../TFG/Content/Geometry/Meshes/CubeMaterial.uasset" 283
"../../../TFG/Content/Geometry/Meshes/1M_Cube.uasset" 284
"../../../TFG/Content/Geometry/Meshes/1M_Cube_Chamfer.uasset" 285
"../../../TFG/Content/Geometry/Meshes/TemplateFloor.uasset" 286
"../../../TFG/Content/rock.uasset" 287
"../../../TFG/Content/rock2.uasset" 288
"../../../TFG/Content/rock3.uasset" 289
"../../../TFG/Content/ThirdPerson/Meshes/RampMaterial.uasset" 290
"../../../TFG/Content/ThirdPerson/Meshes/Bump_StaticMesh.uasset" 291
"../../../TFG/Content/ThirdPerson/Meshes/LeftArm_StaticMesh.uasset" 292
"../../../TFG/Content/ThirdPerson/Meshes/Linear_Stair_StaticMesh.uasset" 293
"../../../TFG/Content/ThirdPerson/Meshes/Ramp_StaticMesh.uasset" 294
"../../../TFG/Content/ThirdPerson/Meshes/RightArm_StaticMesh.uasset" 295
"../../../TFG/Content/ThirdPersonBP/Maps/ThirdPersonExampleMap.umap" 296
"../../../Engine/Content/EngineMaterials/DefaultNormal.uasset" 297
"../../../Engine/Content/Maps/Entry.umap" 298
"../../../TFG/Content/StarterContent/Audio/Fire01_Cue.uasset" 299
"../../../TFG/Content/StarterContent/Textures/T_Fire_SubUV.uasset" 300
"../../../TFG/Content/StarterContent/Textures/T_Fire_Tiled_D.uasset" 301
"../../../TFG/Content/StarterContent/Particles/Materials/M_Fire_SubUV.uasset" 302
"../../../TFG/Content/StarterContent/Textures/T_Water_N.uasset" 303
"../../../TFG/Content/StarterContent/Particles/Materials/M_Heat_Distortion.uasset" 304
"../../../TFG/Content/StarterContent/Particles/Materials/M_Radial_Gradient.uasset" 305
"../../../TFG/Content/StarterContent/Particles/P_Fire.uasset" 306
"../../../TFG/Content/StarterContent/Blueprints/Blueprint_Effect_Fire.uasset" 307
"../../../TFG/Content/StarterContent/Audio/Smoke01_Cue.uasset" 308
"../../../TFG/Content/StarterContent/Particles/P_Smoke.uasset" 309
"../../../TFG/Content/StarterContent/Blueprints/Blueprint_Effect_Smoke.uasset" 310
"../../../TFG/Content/StarterContent/Audio/Fire_Sparks01_Cue.uasset" 311
"../../../TFG/Content/StarterContent/Textures/T_Spark_Core.uasset" 312
"../../../TFG/Content/StarterContent/Particles/Materials/M_Spark.uasset" 313
"../../../TFG/Content/StarterContent/Particles/P_Sparks.uasset" 314
"../../../TFG/Content/StarterContent/Blueprints/Blueprint_Effect_Sparks.uasset" 315
"../../../TFG/Content/StarterContent/Audio/Steam01_Cue.uasset" 316
"../../../TFG/Content/StarterContent/Particles/P_Steam_Lit.uasset" 317
"../../../TFG/Content/StarterContent/Blueprints/Blueprint_Effect_Steam.uasset" 318
"../../../TFG/Content/StarterContent/Textures/T_Lamp_M.uasset" 319
"../../../TFG/Content/StarterContent/Textures/T_Lamp_N.uasset" 320
"../../../TFG/Content/StarterContent/Props/Materials/M_Lamp.uasset" 321
"../../../TFG/Content/StarterContent/Props/SM_Lamp_Ceiling.uasset" 322
"../../../TFG/Content/StarterContent/Blueprints/Blueprint_CeilingLight.uasset" 323
"../../../TFG/Content/StarterContent/Props/SM_Lamp_Wall.uasset" 324
"../../../TFG/Content/StarterContent/Blueprints/Blueprint_WallSconce.uasset" 325
"../../../TFG/Content/StarterContent/Textures/T_Brick_Clay_Beveled_D.uasset" 326
"../../../TFG/Content/StarterContent/Textures/T_Brick_Clay_Beveled_M.uasset" 327
"../../../TFG/Content/StarterContent/Textures/T_Brick_Clay_Beveled_N.uasset" 328
"../../../TFG/Content/StarterContent/Materials/M_Brick_Clay_Beveled.uasset" 329
"../../../TFG/Content/StarterContent/Textures/T_Brick_Clay_New_D.uasset" 330
"../../../TFG/Content/StarterContent/Textures/T_Brick_Clay_New_M.uasset" 331
"../../../TFG/Content/StarterContent/Textures/T_Brick_Clay_New_N.uasset" 332
"../../../TFG/Content/StarterContent/Materials/M_Brick_Clay_New.uasset" 333
"../../../TFG/Content/StarterContent/Textures/T_Brick_Clay_Old_D.uasset" 334
"../../../TFG/Content/StarterContent/Textures/T_Brick_Clay_Old_N.uasset" 335
"../../../TFG/Content/StarterContent/Materials/M_Brick_Clay_Old.uasset" 336
"../../../TFG/Content/StarterContent/Textures/T_Brick_Cut_Stone_D.uasset" 337
"../../../TFG/Content/StarterContent/Textures/T_Brick_Cut_Stone_N.uasset" 338
"../../../TFG/Content/StarterContent/Materials/M_Brick_Cut_Stone.uasset" 339
"../../../TFG/Content/StarterContent/Textures/T_Brick_Hewn_Stone_D.uasset" 340
"../../../TFG/Content/StarterContent/Textures/T_Brick_Hewn_Stone_M.uasset" 341
"../../../TFG/Content/StarterContent/Textures/T_Brick_Hewn_Stone_N.uasset" 342
"../../../TFG/Content/StarterContent/Materials/M_Brick_Hewn_Stone.uasset" 343
"../../../TFG/Content/StarterContent/Textures/T_Ceramic_Tile_M.uasset" 344
"../../../TFG/Content/StarterContent/Textures/T_Ceramic_Tile_N.uasset" 345
"../../../TFG/Content/StarterContent/Textures/T_Rock_Marble_Polished_D.uasset" 346
"../../../TFG/Content/StarterContent/Materials/M_Ceramic_Tile_Checker.uasset" 347
"../../../TFG/Content/StarterContent/Textures/T_CobbleStone_Pebble_D.uasset" 348
"../../../TFG/Content/StarterContent/Textures/T_CobbleStone_Pebble_M.uasset" 349
"../../../TFG/Content/StarterContent/Textures/T_CobbleStone_Pebble_N.uasset" 350
"../../../TFG/Content/StarterContent/Materials/M_CobbleStone_Pebble.uasset" 351
"../../../TFG/Content/StarterContent/Textures/T_CobbleStone_Rough_D.uasset" 352
"../../../TFG/Content/StarterContent/Textures/T_CobbleStone_Rough_N.uasset" 353
"../../../TFG/Content/StarterContent/Textures/T_Gradinet_01.uasset" 354
"../../../TFG/Content/StarterContent/Textures/T_Rock_Smooth_Granite_D.uasset" 355
"../../../TFG/Content/StarterContent/Materials/M_CobbleStone_Rough.uasset" 356
"../../../TFG/Content/StarterContent/Textures/T_CobbleStone_Smooth_D.uasset" 357
"../../../TFG/Content/StarterContent/Textures/T_CobbleStone_Smooth_M.uasset" 358
"../../../TFG/Content/StarterContent/Textures/T_CobbleStone_Smooth_N.uasset" 359
"../../../TFG/Content/StarterContent/Materials/M_CobbleStone_Smooth.uasset" 360
"../../../TFG/Content/StarterContent/Textures/T_Concrete_Panels_D.uasset" 361
"../../../TFG/Content/StarterContent/Textures/T_Concrete_Panels_N.uasset" 362
"../../../TFG/Content/StarterContent/Materials/M_Concrete_Panels.uasset" 363
"../../../TFG/Content/StarterContent/Textures/T_Concrete_Poured_D.uasset" 364
"../../../TFG/Content/StarterContent/Textures/T_Concrete_Poured_N.uasset" 365
"../../../TFG/Content/StarterContent/Materials/M_Concrete_Poured.uasset" 366
"../../../TFG/Content/StarterContent/Textures/T_Concrete_Tiles_D.uasset" 367
"../../../TFG/Content/StarterContent/Textures/T_Concrete_Tiles_M.uasset" 368
"../../../TFG/Content/StarterContent/Textures/T_Concrete_Tiles_N.uasset" 369
"../../../TFG/Content/StarterContent/Textures/T_Concrete_Tiles_Variation_M.uasset" 370
"../../../TFG/Content/StarterContent/Materials/M_Concrete_Tiles.uasset" 371
"../../../TFG/Content/StarterContent/Textures/T_Ground_Grass_D.uasset" 372
"../../../TFG/Content/StarterContent/Textures/T_Ground_Grass_N.uasset" 373
"../../../TFG/Content/StarterContent/Materials/M_Ground_Grass.uasset" 374
"../../../TFG/Content/StarterContent/Textures/T_Ground_Gravel_D.uasset" 375
"../../../TFG/Content/StarterContent/Textures/T_Ground_Gravel_N.uasset" 376
"../../../TFG/Content/StarterContent/Materials/M_Ground_Gravel.uasset" 377
"../../../TFG/Content/StarterContent/Textures/T_ground_Moss_D.uasset" 378
"../../../TFG/Content/StarterContent/Textures/T_Ground_Moss_N.uasset" 379
"../../../TFG/Content/StarterContent/Materials/M_Ground_Moss.uasset" 380
"../../../TFG/Content/StarterContent/Materials/M_Metal_Brushed_Nickel.uasset" 381
"../../../TFG/Content/StarterContent/Textures/T_Metal_Aluminum_D.uasset" 382
"../../../TFG/Content/StarterContent/Textures/T_Metal_Gold_N.uasset" 383
"../../../TFG/Content/StarterContent/Materials/M_Metal_Burnished_Steel.uasset" 384
"../../../TFG/Content/StarterContent/Materials/M_Metal_Chrome.uasset" 385
"../../../TFG/Content/StarterContent/Textures/T_Metal_Copper_D.uasset" 386
"../../../TFG/Content/StarterContent/Materials/M_Metal_Copper.uasset" 387
"../../../TFG/Content/StarterContent/Textures/T_Metal_Gold_D.uasset" 388
"../../../TFG/Content/StarterContent/Materials/M_Metal_Gold.uasset" 389
"../../../TFG/Content/StarterContent/Textures/T_Metal_Rust_D.uasset" 390
"../../../TFG/Content/StarterContent/Materials/M_Metal_Rust.uasset" 391
"../../../TFG/Content/StarterContent/Textures/T_Metal_Steel_D.uasset" 392
"../../../TFG/Content/StarterContent/Textures/T_Metal_Steel_N.uasset" 393
"../../../TFG/Content/StarterContent/Materials/M_Metal_Steel.uasset" 394
"../../../TFG/Content/StarterContent/Textures/T_Rock_Basalt_N.uasset" 395
"../../../TFG/Content/StarterContent/Materials/M_Rock_Basalt.uasset" 396
"../../../TFG/Content/StarterContent/Materials/M_Rock_Marble_Polished.uasset" 397
"../../../TFG/Content/StarterContent/Textures/T_Rock_Sandstone_D.uasset" 398
"../../../TFG/Content/StarterContent/Textures/T_Rock_Sandstone_N.uasset" 399
"../../../TFG/Content/StarterContent/Materials/M_Rock_Sandstone.uasset" 400
"../../../TFG/Content/StarterContent/Textures/T_Rock_Slate_D.uasset" 401
"../../../TFG/Content/StarterContent/Textures/T_Rock_Slate_N.uasset" 402
"../../../TFG/Content/StarterContent/Materials/M_Rock_Slate.uasset" 403
"../../../TFG/Content/StarterContent/Textures/T_Checker_Noise_M.uasset" 404
"../../../TFG/Content/StarterContent/Textures/T_Single_Tile_N.uasset" 405
"../../../TFG/Content/StarterContent/Textures/T_Tech_Dot_M.uasset" 406
"../../../TFG/Content/StarterContent/Textures/T_Tech_Dot_N.uasset" 407
"../../../TFG/Content/StarterContent/Materials/M_Tech_Checker_Dot.uasset" 408
"../../../TFG/Content/StarterContent/Textures/T_Tech_Hex_Tile_M.uasset" 409
"../../../TFG/Content/StarterContent/Textures/T_Tech_Hex_Tile_N.uasset" 410
"../../../TFG/Content/StarterContent/Materials/M_Tech_Hex_Tile.uasset" 411
"../../../TFG/Content/StarterContent/Materials/M_Tech_Hex_Tile_Pulse.uasset" 412
"../../../TFG/Content/StarterContent/Textures/T_Tech_Panel_M.uasset" 413
"../../../TFG/Content/StarterContent/Textures/T_Tech_Panel_N.uasset" 414
"../../../TFG/Content/StarterContent/Materials/M_Tech_Panel.uasset" 415
"../../../TFG/Content/StarterContent/Materials/M_Water_Lake.uasset" 416
"../../../TFG/Content/StarterContent/Textures/T_Water_M.uasset" 417
"../../../TFG/Content/StarterContent/Materials/M_Water_Ocean.uasset" 418
"../../../TFG/Content/StarterContent/Textures/T_Wood_Floor_Walnut_D.uasset" 419
"../../../TFG/Content/StarterContent/Textures/T_Wood_Floor_Walnut_M.uasset" 420
"../../../TFG/Content/StarterContent/Textures/T_Wood_Floor_Walnut_N.uasset" 421
"../../../TFG/Content/StarterContent/Materials/M_Wood_Floor_Walnut_Polished.uasset" 422
"../../../Engine/Content/Functions/Engine_MaterialFunctions01/Opacity/AlphaOffset.uasset" 423
"../../../TFG/Content/StarterContent/Materials/M_Wood_Floor_Walnut_Worn.uasset" 424
"../../../TFG/Content/StarterContent/Textures/T_Wood_Oak_D.uasset" 425
"../../../TFG/Content/StarterContent/Textures/T_Wood_Oak_N.uasset" 426
"../../../TFG/Content/StarterContent/Materials/M_Wood_Oak.uasset" 427
"../../../TFG/Content/StarterContent/Textures/T_Wood_Pine_D.uasset" 428
"../../../TFG/Content/StarterContent/Textures/T_Wood_Pine_N.uasset" 429
"../../../TFG/Content/StarterContent/Materials/M_Wood_Pine.uasset" 430
"../../../TFG/Content/StarterContent/Textures/T_Wood_Walnut_D.uasset" 431
"../../../TFG/Content/StarterContent/Textures/T_Wood_Walnut_N.uasset" 432
"../../../TFG/Content/StarterContent/Materials/M_Wood_Walnut.uasset" 433
"../../../TFG/Content/StarterContent/Architecture/Floor_400x400.uasset" 434
"../../../TFG/Content/StarterContent/Architecture/Wall_400x200.uasset" 435
"../../../TFG/Content/StarterContent/Architecture/Wall_Door_400x300.uasset" 436
"../../../TFG/Content/StarterContent/Architecture/Wall_Window_400x300.uasset" 437
"../../../TFG/Content/StarterContent/Audio/Collapse_Cue.uasset" 438
"../../../TFG/Content/StarterContent/Audio/Starter_Background_Cue.uasset" 439
"../../../TFG/Content/StarterContent/Audio/Starter_Music_Cue.uasset" 440
"../../../TFG/Content/StarterContent/Textures/T_Dust_Particle_D.uasset" 441
"../../../TFG/Content/StarterContent/Particles/Materials/M_Dust_Particle.uasset" 442
"../../../TFG/Content/StarterContent/Particles/P_Ambient_Dust.uasset" 443
"../../../TFG/Content/StarterContent/Props/MaterialSphere.uasset" 444
"../../../TFG/Content/StarterContent/Props/SM_Chair.uasset" 445
"../../../TFG/Content/StarterContent/Textures/T_Frame_M.uasset" 446
"../../../TFG/Content/StarterContent/Textures/T_Frame_N.uasset" 447
"../../../TFG/Content/StarterContent/Props/Materials/M_Frame.uasset" 448
"../../../TFG/Content/StarterContent/Props/SM_CornerFrame.uasset" 449
"../../../TFG/Content/StarterContent/Props/SM_DoorFrame.uasset" 450
"../../../TFG/Content/StarterContent/Props/SM_GlassWindow.uasset" 451
"../../../TFG/Content/StarterContent/Props/SM_PillarFrame.uasset" 452
"../../../TFG/Content/StarterContent/Props/SM_PillarFrame300.uasset" 453
"../../../TFG/Content/StarterContent/Textures/T_Statue_M.uasset" 454
"../../../TFG/Content/StarterContent/Textures/T_Statue_N.uasset" 455
"../../../TFG/Content/StarterContent/Props/Materials/M_Statue.uasset" 456
"../../../TFG/Content/StarterContent/Props/Materials/M_StatueGlass.uasset" 457
"../../../TFG/Content/StarterContent/Props/SM_Statue.uasset" 458
"../../../TFG/Content/StarterContent/Textures/T_TableRound_M.uasset" 459
"../../../TFG/Content/StarterContent/Textures/T_TableRound_N.uasset" 460
"../../../TFG/Content/StarterContent/Props/Materials/M_TableRound.uasset" 461
"../../../TFG/Content/StarterContent/Props/SM_TableRound.uasset" 462
"../../../TFG/Content/StarterContent/Props/SM_WindowFrame.uasset" 463
"../../../TFG/Content/StarterContent/Shapes/Shape_Cube.uasset" 464
"../../../TFG/Content/StarterContent/Shapes/Shape_QuadPyramid.uasset" 465
"../../../TFG/Content/StarterContent/Shapes/Shape_Sphere.uasset" 466
"../../../TFG/Content/StarterContent/Maps/StarterMap.umap" 467
"../../../TFG/Content/StarterContent/Maps/Minimal_Default.umap" 468
"../../../TFG/Content/StarterContent/Blueprints/Assets/FogBrightnessLUT.uasset" 469
"../../../TFG/Content/StarterContent/Blueprints/Assets/SunlightColorLUT.uasset" 470
"../../../TFG/Content/StarterContent/Blueprints/Assets/M_LightStage_Arrows.uasset" 471
"../../../Engine/Content/MapTemplates/Sky/DaylightAmbientCubemap.uasset" 472
"../../../TFG/Content/StarterContent/Blueprints/Assets/M_LightStage_Skybox_Master.uasset" 473
"../../../TFG/Content/StarterContent/Blueprints/Assets/M_LightStage_Skybox_Black.uasset" 474
"../../../TFG/Content/StarterContent/Blueprints/Assets/M_LightStage_Skybox_HDRI.uasset" 475
"../../../Engine/Content/EditorMaterials/Thumbnails/SkySphereMaterial.uasset" 476
"../../../TFG/Content/StarterContent/Blueprints/Assets/Skybox.uasset" 477
"../../../TFG/Content/StarterContent/Blueprints/Assets/SM_Arrows.uasset" 478
"../../../TFG/Content/StarterContent/HDRI/HDRI_Epic_Courtyard_Daylight.uasset" 479
"../../../TFG/Content/StarterContent/Blueprints/BP_LightStudio.uasset" 480
"../../../TFG/Content/StarterContent/Materials/M_AssetPlatform.uasset" 481
"../../../Engine/Content/EditorMeshes/ColorCalibrator/M_ChromeBall.uasset" 482
"../../../Engine/Content/EditorMeshes/ColorCalibrator/M_ClearCoat.uasset" 483
"../../../Engine/Content/EditorMeshes/ColorCalibrator/M_ClearCoatBlack.uasset" 484
"../../../Engine/Content/EditorMeshes/ColorCalibrator/M_ColorGrid.uasset" 485
"../../../Engine/Content/EditorMeshes/ColorCalibrator/M_GreyBall.uasset" 486
"../../../Engine/Content/EditorMeshes/ColorCalibrator/SM_ColorCalibrator.uasset" 487
"../../../TFG/Content/StarterContent/Architecture/SM_AssetPlatform.uasset" 488
"../../../TFG/Content/StarterContent/Maps/Advanced_Lighting.umap" 489
